<?xml version="1.0" encoding="UTF-8"?>
<testsuite xmlns:xsi="http://www.w3.org/2001/XMLSchema-instance" xsi:noNamespaceSchemaLocation="https://maven.apache.org/surefire/maven-surefire-plugin/xsd/surefire-test-report.xsd" name="kartaca.secondsteptask.taskapi.TaskRestApiApplicationTests" time="3.89" tests="1" errors="0" skipped="0" failures="0">
  <properties>
[...]
</properties>
  <testcase name="contextLoads" classname="kartaca.secondsteptask.taskapi.TaskRestApiApplicationTests" time="0.513"/>
</testsuite>